[2025-03-11 17:26:36,028] 29 root - INFO - Entered the data ingestion component
[2025-03-11 17:26:36,490] 32 root - INFO - Read the Data as a DataFrame
[2025-03-11 17:26:38,074] 39 root - INFO - Data uploaded in raw data path
[2025-03-11 17:26:38,121] 43 root - INFO - Data has been split into train test set
[2025-03-11 17:26:39,689] 48 root - INFO - Ingestion is completed
[2025-03-11 17:26:40,223] 124 root - INFO - Read train and test data completed
[2025-03-11 17:26:40,223] 126 root - INFO - Obtaining preprocessing object
[2025-03-11 17:26:40,223] 76 root - INFO - Data transformation started
[2025-03-11 17:26:40,223] 82 root - INFO - Categorical pipeline initiated
[2025-03-11 17:26:40,223] 89 root - INFO - Nlp pipeline initiated
[2025-03-11 17:26:40,223] 95 root - INFO - Date_time pipeline initiated
[2025-03-11 17:26:40,223] 101 root - INFO - ColumnTransformer started running pipelines
[2025-03-11 17:26:40,223] 110 root - INFO - ColumnTransformer initiated pipelines succesfully
[2025-03-11 17:26:40,223] 112 root - INFO - Data transformation initited succesfully in: 0.00 seconds
[2025-03-11 17:26:40,253] 136 root - INFO - Applying preprocessor object on the training and testing dataframe.
[2025-03-11 17:27:19,874] 52 root - INFO - Text preprocessing succesfully done
[2025-03-11 17:27:19,874] 53 root - INFO - Returnnig preprocessed data
[2025-03-11 17:27:30,929] 52 root - INFO - Text preprocessing succesfully done
[2025-03-11 17:27:30,929] 53 root - INFO - Returnnig preprocessed data
[2025-03-11 17:27:31,401] 139 root - INFO - Dataset transformation succesfully done transforming our dataset
[2025-03-11 17:27:31,538] 145 root - INFO - Applying label encoder on the trainin and testing target feature
[2025-03-11 17:27:31,601] 149 root - INFO - Target column transforming successfully done.
[2025-03-11 17:27:31,912] 16 root - INFO - Object directory initiated
[2025-03-11 17:27:31,912] 19 root - INFO - File successfuly saved at artifacts\preprocessor.pkl
[2025-03-11 17:27:31,970] 26 root - INFO - Splitting the training and testing input
[2025-03-11 17:27:31,970] 45 root - INFO - Starting model evaluations
[2025-03-11 17:27:31,970] 41 root - INFO - Starting the model fitting and accuracy score calculation
[2025-03-11 17:52:45,462] 54 root - INFO - Predicted the y test
[2025-03-11 17:52:45,494] 58 root - INFO - Calculated the accuracy score for Random Forest model
[2025-03-11 17:52:45,538] 48 root - INFO - Sorting model based on their accuracy score
[2025-03-11 17:52:45,539] 60 root - INFO - Best model found in both training and test set
[2025-03-11 17:52:45,539] 16 root - INFO - Object directory initiated
[2025-03-11 17:52:45,885] 19 root - INFO - File successfuly saved at artifacts\model.pkl
